#
# There is insufficient memory for the Java Runtime Environment to continue.
# Native memory allocation (mmap) failed to map 266338304 bytes for Failed to commit area from 0x0000000703200000 to 0x0000000713000000 of length 266338304.
# Possible reasons:
#   The system is out of physical RAM or swap space
#   The process is running with CompressedOops enabled, and the Java Heap may be blocking the growth of the native heap
# Possible solutions:
#   Reduce memory load on the system
#   Increase physical memory or swap space
#   Check if swap backing store is full
#   Decrease Java heap size (-Xmx/-Xms)
#   Decrease number of Java threads
#   Decrease Java thread stack sizes (-Xss)
#   Set larger code cache with -XX:ReservedCodeCacheSize=
# This output file may be truncated or incomplete.
#
#  Out of Memory Error (./src/hotspot/os/windows/os_windows.cpp:3386), pid=143020, tid=143528
#
# JRE version:  (11.0.17+8) (build )
# Java VM: OpenJDK 64-Bit Server VM (11.0.17+8-LTS, mixed mode, sharing, tiered, compressed oops, g1 gc, windows-amd64)
# No core dump will be written. Minidumps are not enabled by default on client versions of Windows
#

---------------  S U M M A R Y ------------

Command Line: -ea -DnodeNamesHandler=org.jetbrains.plugins.cucumber.java.run.CucumberTestTreeNodeManager -Didea.test.cyclic.buffer.size=1048576 -javaagent:C:\Program Files\JetBrains\IntelliJ IDEA Community Edition 2022.3\lib\idea_rt.jar=1263:C:\Program Files\JetBrains\IntelliJ IDEA Community Edition 2022.3\bin -Dfile.encoding=UTF-8 com.intellij.rt.junit.JUnitStarter -ideVersion5 -junit4 TestRunner.TestRunner

Host: 11th Gen Intel(R) Core(TM) i5-1135G7 @ 2.40GHz, 8 cores, 15G,  Windows 11 , 64 bit Build 22000 (10.0.22000.1335)
Time: Thu Mar  2 11:32:53 2023 India Standard Time elapsed time: 0.014387 seconds (0d 0h 0m 0s)

---------------  T H R E A D  ---------------

Current thread (0x0000023b47f08800):  JavaThread "Unknown thread" [_thread_in_vm, id=143528, stack(0x000000d541900000,0x000000d541a00000)]

Stack: [0x000000d541900000,0x000000d541a00000]
Native frames: (J=compiled Java code, j=interpreted, Vv=VM code, C=native code)
V  [jvm.dll+0x61f66a]
V  [jvm.dll+0x7ac889]
V  [jvm.dll+0x7adf78]
V  [jvm.dll+0x7ae653]
V  [jvm.dll+0x24fbe8]
V  [jvm.dll+0x61c97a]
V  [jvm.dll+0x611105]
V  [jvm.dll+0x307b2c]
V  [jvm.dll+0x3079b2]
V  [jvm.dll+0x30c6c6]
V  [jvm.dll+0x352d5f]
V  [jvm.dll+0x352790]
V  [jvm.dll+0x2e4b38]
V  [jvm.dll+0x2e5c96]
V  [jvm.dll+0x7866c7]
V  [jvm.dll+0x787e4f]
V  [jvm.dll+0x35fac9]
V  [jvm.dll+0x769630]
V  [jvm.dll+0x3cd5ef]
V  [jvm.dll+0x3cf981]
C  [jli.dll+0x5207]
C  [ucrtbase.dll+0x26c0c]
C  [KERNEL32.DLL+0x155a0]
C  [ntdll.dll+0x485b]


---------------  P R O C E S S  ---------------

Threads class SMR info:
_java_thread_list=0x0000023b45da4380, length=0, elements={
}

Java Threads: ( => current thread )

Other Threads:
  0x0000023b47f21000 GCTaskThread "GC Thread#0" [stack: 0x000000d541a00000,0x000000d541b00000] [id=95356]
  0x0000023b47f78000 ConcurrentGCThread "G1 Main Marker" [stack: 0x000000d541b00000,0x000000d541c00000] [id=95564]
  0x0000023b47f7a000 ConcurrentGCThread "G1 Conc#0" [stack: 0x000000d541c00000,0x000000d541d00000] [id=144220]

[error occurred during error reporting (printing all threads), id 0xc0000005, EXCEPTION_ACCESS_VIOLATION (0xc0000005) at pc=0x00007ffe1b924307]

VM state:not at safepoint (not fully initialized)

VM Mutex/Monitor currently owned by a thread:  ([mutex/lock_event])
[0x0000023b47f03e30] Heap_lock - owner thread: 0x0000023b47f08800

Heap address: 0x0000000703200000, size: 4046 MB, Compressed Oops mode: Non-zero based: 0x0000000703200000
Narrow klass base: 0x0000000000000000, Narrow klass shift: 0

GC Heap History (0 events):
No events

Deoptimization events (0 events):
No events

Classes redefined (0 events):
No events

Internal exceptions (0 events):
No events

Events (1 events):
Event: 0.010 Loaded shared library C:\Users\sambit\.jdks\corretto-11.0.17\bin\zip.dll


Dynamic libraries:
0x00007ff7440b0000 - 0x00007ff7440bd000 	C:\Users\sambit\.jdks\corretto-11.0.17\bin\java.exe
0x00007ffe87c20000 - 0x00007ffe87e29000 	C:\Windows\SYSTEM32\ntdll.dll
0x00007ffe86750000 - 0x00007ffe8680e000 	C:\Windows\System32\KERNEL32.DLL
0x00007ffe853a0000 - 0x00007ffe8571b000 	C:\Windows\System32\KERNELBASE.dll
0x00007ffe85200000 - 0x00007ffe85311000 	C:\Windows\System32\ucrtbase.dll
0x00007ffe62610000 - 0x00007ffe62629000 	C:\Users\sambit\.jdks\corretto-11.0.17\bin\VCRUNTIME140.dll
0x00007ffe64e80000 - 0x00007ffe64e97000 	C:\Users\sambit\.jdks\corretto-11.0.17\bin\jli.dll
0x00007ffe85f80000 - 0x00007ffe8612d000 	C:\Windows\System32\USER32.dll
0x00007ffe85890000 - 0x00007ffe858b6000 	C:\Windows\System32\win32u.dll
0x00007ffe72f00000 - 0x00007ffe731a5000 	C:\Windows\WinSxS\amd64_microsoft.windows.common-controls_6595b64144ccf1df_6.0.22000.120_none_9d947278b86cc467\COMCTL32.dll
0x00007ffe87440000 - 0x00007ffe87469000 	C:\Windows\System32\GDI32.dll
0x00007ffe866a0000 - 0x00007ffe86743000 	C:\Windows\System32\msvcrt.dll
0x00007ffe858c0000 - 0x00007ffe859d8000 	C:\Windows\System32\gdi32full.dll
0x00007ffe85160000 - 0x00007ffe851fd000 	C:\Windows\System32\msvcp_win.dll
0x00007ffe87ba0000 - 0x00007ffe87bd2000 	C:\Windows\System32\IMM32.DLL
0x00007ffe54730000 - 0x00007ffe547cb000 	C:\Users\sambit\.jdks\corretto-11.0.17\bin\msvcp140.dll
0x00007ffe1b630000 - 0x00007ffe1c1b5000 	C:\Users\sambit\.jdks\corretto-11.0.17\bin\server\jvm.dll
0x00007ffe87310000 - 0x00007ffe873be000 	C:\Windows\System32\ADVAPI32.dll
0x00007ffe86810000 - 0x00007ffe868ae000 	C:\Windows\System32\sechost.dll
0x00007ffe85ac0000 - 0x00007ffe85be0000 	C:\Windows\System32\RPCRT4.dll
0x00007ffe873d0000 - 0x00007ffe873d8000 	C:\Windows\System32\PSAPI.DLL
0x00007ffe70f00000 - 0x00007ffe70f09000 	C:\Windows\SYSTEM32\WSOCK32.dll
0x00007ffe7de60000 - 0x00007ffe7de6a000 	C:\Windows\SYSTEM32\VERSION.dll
0x00007ffe868b0000 - 0x00007ffe8691f000 	C:\Windows\System32\WS2_32.dll
0x00007ffe7e6a0000 - 0x00007ffe7e6d3000 	C:\Windows\SYSTEM32\WINMM.dll
0x00007ffe84260000 - 0x00007ffe84278000 	C:\Windows\SYSTEM32\kernel.appcore.dll
0x00007ffe66e60000 - 0x00007ffe66e70000 	C:\Users\sambit\.jdks\corretto-11.0.17\bin\verify.dll
0x00007ffe82b20000 - 0x00007ffe82d41000 	C:\Windows\SYSTEM32\DBGHELP.DLL
0x00007ffe70890000 - 0x00007ffe708c1000 	C:\Windows\SYSTEM32\dbgcore.DLL
0x00007ffe85320000 - 0x00007ffe8539f000 	C:\Windows\System32\bcryptPrimitives.dll
0x00007ffe625e0000 - 0x00007ffe62608000 	C:\Users\sambit\.jdks\corretto-11.0.17\bin\java.dll
0x00007ffe66140000 - 0x00007ffe6614a000 	C:\Users\sambit\.jdks\corretto-11.0.17\bin\jimage.dll
0x00007ffe82150000 - 0x00007ffe8215e000 	C:\Users\sambit\.jdks\corretto-11.0.17\bin\instrument.dll
0x00007ffe63ec0000 - 0x00007ffe63ed8000 	C:\Users\sambit\.jdks\corretto-11.0.17\bin\zip.dll

dbghelp: loaded successfully - version: 4.0.5 - missing functions: none
symbol engine: initialized successfully - sym options: 0x614 - pdb path: .;C:\Users\sambit\.jdks\corretto-11.0.17\bin;C:\Windows\SYSTEM32;C:\Windows\WinSxS\amd64_microsoft.windows.common-controls_6595b64144ccf1df_6.0.22000.120_none_9d947278b86cc467;C:\Users\sambit\.jdks\corretto-11.0.17\bin\server

VM Arguments:
jvm_args: -ea -DnodeNamesHandler=org.jetbrains.plugins.cucumber.java.run.CucumberTestTreeNodeManager -Didea.test.cyclic.buffer.size=1048576 -javaagent:C:\Program Files\JetBrains\IntelliJ IDEA Community Edition 2022.3\lib\idea_rt.jar=1263:C:\Program Files\JetBrains\IntelliJ IDEA Community Edition 2022.3\bin -Dfile.encoding=UTF-8 
java_command: com.intellij.rt.junit.JUnitStarter -ideVersion5 -junit4 TestRunner.TestRunner
java_class_path (initial): C:\Program Files\JetBrains\IntelliJ IDEA Community Edition 2022.3\lib\idea_rt.jar;C:\Program Files\JetBrains\IntelliJ IDEA Community Edition 2022.3\plugins\junit\lib\junit5-rt.jar;C:\Program Files\JetBrains\IntelliJ IDEA Community Edition 2022.3\plugins\junit\lib\junit-rt.jar;D:\Automation\Organization_v3.0\target\test-classes;D:\Automation\Organization_v3.0\target\classes;C:\Users\sambit\.m2\repository\io\rest-assured\rest-assured\4.3.3\rest-assured-4.3.3.jar;C:\Users\sambit\.m2\repository\org\codehaus\groovy\groovy\3.0.7\groovy-3.0.7.jar;C:\Users\sambit\.m2\repository\org\codehaus\groovy\groovy-xml\3.0.7\groovy-xml-3.0.7.jar;C:\Users\sambit\.m2\repository\org\apache\httpcomponents\httpclient\4.5.3\httpclient-4.5.3.jar;C:\Users\sambit\.m2\repository\org\apache\httpcomponents\httpcore\4.4.6\httpcore-4.4.6.jar;C:\Users\sambit\.m2\repository\commons-logging\commons-logging\1.2\commons-logging-1.2.jar;C:\Users\sambit\.m2\repository\org\apache\httpcomponents\httpmime\4.5.3\httpmime-4.5.3.jar;C:\Users\sambit\.m2\repository\org\hamcrest\hamcrest\2.1\hamcrest-2.1.jar;C:\Users\sambit\.m2\repository\org\ccil\cowan\tagsoup\tagsoup\1.2.1\tagsoup-1.2.1.jar;C:\Users\sambit\.m2\repository\io\rest-assured\json-path\4.3.3\json-path-4.3.3.jar;C:\Users\sambit\.m2\repository\org\codehaus\groovy\groovy-json\3.0.7\groovy-json-3.0.7.jar;C:\Users\sambit\.m2\repository\io\rest-assured\json-schema-validator\4.3.3\json-schema-validator-4.3.3.jar;C:\Users\sambit\.m2\repository\com\github\java-json-tools\json-schema-validator\2.2.14\json-schema-validator-2.2.14.jar;C:\Users\sambit\.m2\repository\com\github\java-json-tools\jackson-coreutils-equivalence\1.0\jackson-coreutils-equivalence-1.0.jar;C:\Users\sambit\.m2\repository\com\github\java-json-tools\jackson-coreutils\2.0\jackson-coreutils-2.0.jar;C:\Users\sambit\.m2\repository\com\github\java-json-tools\msg-simple\1.2\msg-simple-1.2.jar;C:\Users\sambit\.m2\repository\com\github\java-json-tools\btf\1.3\btf-1.3.jar;C
Launcher Type: SUN_STANDARD

[Global flags]
     intx CICompilerCount                          = 4                                         {product} {ergonomic}
     uint ConcGCThreads                            = 2                                         {product} {ergonomic}
     uint G1ConcRefinementThreads                  = 8                                         {product} {ergonomic}
   size_t G1HeapRegionSize                         = 1048576                                   {product} {ergonomic}
    uintx GCDrainStackTargetSize                   = 64                                        {product} {ergonomic}
   size_t InitialHeapSize                          = 266338304                                 {product} {ergonomic}
   size_t MarkStackSize                            = 4194304                                   {product} {ergonomic}
   size_t MaxHeapSize                              = 4242538496                                {product} {ergonomic}
   size_t MinHeapDeltaBytes                        = 1048576                                   {product} {ergonomic}
    uintx NonNMethodCodeHeapSize                   = 5836300                                {pd product} {ergonomic}
    uintx NonProfiledCodeHeapSize                  = 122910970                              {pd product} {ergonomic}
    uintx ProfiledCodeHeapSize                     = 122910970                              {pd product} {ergonomic}
    uintx ReservedCodeCacheSize                    = 251658240                              {pd product} {ergonomic}
     bool SegmentedCodeCache                       = true                                      {product} {ergonomic}
     bool UseCompressedClassPointers               = true                                 {lp64_product} {ergonomic}
     bool UseCompressedOops                        = true                                 {lp64_product} {ergonomic}
     bool UseG1GC                                  = true                                      {product} {ergonomic}
     bool UseLargePagesIndividualAllocation        = false                                  {pd product} {ergonomic}

Logging:
Log output configuration:
 #0: stdout all=warning uptime,level,tags
 #1: stderr all=off uptime,level,tags

Environment Variables:
JAVA_HOME=C:\Program Files\Java\jdk-11.0.16.1
PATH=C:\easycafeteria\zkeco_dlls\;C:\easycafeteria\Python37\;C:\Program Files\Common Files\Oracle\Java\javapath;C:\Windows\system32;C:\Windows;C:\Windows\System32\Wbem;C:\Windows\System32\WindowsPowerShell\v1.0\;C:\Windows\System32\OpenSSH\;C:\Program Files\Git\cmd;C:\Program Files\Java\jdk-11.0.16.1\bin;C:\Program Files\nodejs\;C:\Users\sambit\AppData\Local\Android\Sdk;C:\Users\sambit\AppData\Local\Android\Sdk\build-tools\33.0.1;C:\Users\sambit\AppData\Local\Android\Sdk\platform-tools;C:\Users\sambit\AppData\Local\Android\Sdk\tools\bin;C:\adb;C:\Users\sambit\.jenkins;C:\Users\sambit\AppData\Local\Microsoft\WindowsApps;C:\Users\sambit\AppData\Roaming\npm;D:\Microsoft VS Code\bin
USERNAME=Sambit
OS=Windows_NT
PROCESSOR_IDENTIFIER=Intel64 Family 6 Model 140 Stepping 1, GenuineIntel
TMP=C:\Users\sambit\AppData\Local\Temp
TEMP=C:\Users\sambit\AppData\Local\Temp



---------------  S Y S T E M  ---------------

OS: Windows 11 , 64 bit Build 22000 (10.0.22000.1335)
OS uptime: 23 days 23:24 hours

CPU:total 8 (initial active 8) (4 cores per cpu, 2 threads per core) family 6 model 140 stepping 1 microcode 0x8a, cmov, cx8, fxsr, mmx, sse, sse2, sse3, ssse3, sse4.1, sse4.2, popcnt, avx, avx2, aes, clmul, erms, 3dnowpref, lzcnt, ht, tsc, tscinvbit, bmi1, bmi2, adx, evex, sha, fma

Memory: 4k page, system-wide physical 16183M (3384M free)
TotalPageFile size 46622M (AvailPageFile size 200M)
current process WorkingSet (physical memory assigned to process): 10M, peak: 10M
current process commit charge ("private bytes"): 60M, peak: 314M

vm_info: OpenJDK 64-Bit Server VM (11.0.17+8-LTS) for windows-amd64 JRE (11.0.17+8-LTS), built on Oct 14 2022 18:02:01 by "Administrator" with MS VC++ 15.9 (VS2017)

END.
